2019.03.20 at 11:36:12 CST INFO  org.springframework.web.servlet.handler.AbstractUrlHandlerMapping registerHandler() @373 - Mapped URL path [/webjars/**] onto handler of type [class org.springframework.web.servlet.resource.ResourceHttpRequestHandler]
2019.03.20 at 11:36:12 CST INFO  org.springframework.web.servlet.handler.AbstractUrlHandlerMapping registerHandler() @373 - Mapped URL path [/**] onto handler of type [class org.springframework.web.servlet.resource.ResourceHttpRequestHandler]
2019.03.20 at 11:36:13 CST INFO  com.ulisesbocchio.jasyptspringboot.filter.DefaultLazyPropertyFilter lambda$null$2() @31 - Property Filter custom Bean not found with name 'encryptablePropertyFilter'. Initializing Default Property Filter
2019.03.20 at 11:36:13 CST INFO  org.springframework.web.servlet.handler.AbstractUrlHandlerMapping registerHandler() @373 - Mapped URL path [/**/favicon.ico] onto handler of type [class org.springframework.web.servlet.resource.ResourceHttpRequestHandler]
2019.03.20 at 11:36:13 CST INFO  org.springframework.context.support.PostProcessorRegistrationDelegate$BeanPostProcessorChecker postProcessAfterInitialization() @328 - Bean 'org.springframework.transaction.annotation.ProxyTransactionManagementConfiguration' of type [org.springframework.transaction.annotation.ProxyTransactionManagementConfiguration$$EnhancerBySpringCGLIB$$533a6e13] is not eligible for getting processed by all BeanPostProcessors (for example: not eligible for auto-proxying)
2019.03.20 at 11:36:13 CST INFO  org.springframework.boot.devtools.autoconfigure.OptionalLiveReloadServer startServer() @57 - LiveReload server is running on port 35729
2019.03.20 at 11:36:13 CST INFO  com.ulisesbocchio.jasyptspringboot.resolver.DefaultLazyPropertyResolver lambda$null$2() @31 - Property Resolver custom Bean not found with name 'encryptablePropertyResolver'. Initializing Default Property Resolver
2019.03.20 at 11:36:13 CST INFO  com.ulisesbocchio.jasyptspringboot.detector.DefaultLazyPropertyDetector lambda$null$2() @30 - Property Detector custom Bean not found with name 'encryptablePropertyDetector'. Initializing Default Property Detector
2019.03.20 at 11:36:13 CST INFO  org.springframework.jmx.export.MBeanExporter afterSingletonsInstantiated() @434 - Registering beans for JMX exposure on startup
2019.03.20 at 11:36:13 CST INFO  org.springframework.jmx.export.MBeanExporter autodetect() @896 - Bean with name 'dataSource' has been autodetected for JMX exposure
2019.03.20 at 11:36:13 CST INFO  org.springframework.jmx.export.MBeanExporter registerBeanInstance() @669 - Located MBean 'dataSource': registering with JMX server as MBean [com.alibaba.druid.pool:name=dataSource,type=DruidDataSource]
2019.03.20 at 11:36:13 CST INFO  org.springframework.context.support.DefaultLifecycleProcessor$LifecycleGroup start() @351 - Starting beans in phase 2147483647
2019.03.20 at 11:36:13 CST INFO  springfox.documentation.spring.web.plugins.DocumentationPluginsBootstrapper start() @147 - Context refreshed
2019.03.20 at 11:36:13 CST INFO  springfox.documentation.spring.web.plugins.DocumentationPluginsBootstrapper start() @150 - Found 1 custom documentation plugin(s)
2019.03.20 at 11:36:13 CST INFO  springfox.documentation.spring.web.scanners.ApiListingReferenceScanner scan() @41 - Scanning for api listing references
2019.03.20 at 11:36:13 CST INFO  com.alibaba.druid.pool.DruidDataSource init() @923 - {dataSource-1} inited
2019.03.20 at 11:36:13 CST INFO  org.apache.juli.logging.DirectJDKLog log() @180 - Starting ProtocolHandler ["http-nio-8121"]
2019.03.20 at 11:36:13 CST INFO  org.apache.juli.logging.DirectJDKLog log() @180 - Using a shared selector for servlet write/read
2019.03.20 at 11:36:14 CST INFO  org.springframework.boot.web.embedded.tomcat.TomcatWebServer start() @205 - Tomcat started on port(s): 8121 (http) with context path ''
2019.03.20 at 11:36:14 CST INFO  org.springframework.boot.StartupInfoLogger logStarted() @59 - Started CallApplication in 6.717 seconds (JVM running for 151.976)
2019.03.20 at 11:36:14 CST INFO  org.springframework.boot.devtools.autoconfigure.ConditionEvaluationDeltaLoggingListener onApplicationEvent() @56 - Condition evaluation unchanged
2019.03.20 at 11:36:14 CST INFO  org.springframework.orm.jpa.LocalContainerEntityManagerFactoryBean createNativeEntityManagerFactory() @361 - Building JPA container EntityManagerFactory for persistence unit 'default'
2019.03.20 at 11:36:14 CST INFO  org.hibernate.jpa.internal.util.LogHelper logPersistenceUnitInformation() @31 - HHH000204: Processing PersistenceUnitInfo [
	name: default
	...]
2019.03.20 at 11:36:14 CST INFO  org.hibernate.Version logVersion() @45 - HHH000412: Hibernate Core {5.2.14.Final}
2019.03.20 at 11:36:14 CST INFO  org.hibernate.cfg.Environment <clinit>() @213 - HHH000206: hibernate.properties not found
2019.03.20 at 11:36:14 CST INFO  org.hibernate.annotations.common.reflection.java.JavaReflectionManager <clinit>() @66 - HCANN000001: Hibernate Commons Annotations {5.0.1.Final}
2019.03.20 at 11:36:14 CST INFO  org.hibernate.dialect.Dialect <init>() @157 - HHH000400: Using dialect: org.hibernate.dialect.MySQL5InnoDBDialect
2019.03.20 at 11:36:16 CST INFO  org.springframework.orm.jpa.AbstractEntityManagerFactoryBean buildNativeEntityManagerFactory() @394 - Initialized JPA EntityManagerFactory for persistence unit 'default'
2019.03.20 at 11:36:17 CST INFO  org.hibernate.hql.internal.QueryTranslatorFactoryInitiator initiateService() @47 - HHH000397: Using ASTQueryTranslatorFactory
2019.03.20 at 11:36:17 CST INFO  org.apache.cxf.service.factory.ReflectionServiceFactoryBean buildServiceFromClass() @457 - Creating Service {http://interfaces.ws.publication.uic.baidu.com/}IUserRemoteServiceService from class com.baidu.uic.ws.interfaces.IUserRemoteService
2019.03.20 at 11:36:19 CST WARN  org.springframework.boot.autoconfigure.orm.jpa.JpaBaseConfiguration$JpaWebConfiguration$JpaWebMvcConfiguration openEntityManagerInViewInterceptor() @235 - spring.jpa.open-in-view is enabled by default. Therefore, database queries may be performed during view rendering. Explicitly configure spring.jpa.open-in-view to disable this warning
2019.03.20 at 11:36:19 CST INFO  org.springframework.web.servlet.handler.AbstractHandlerMethodMapping$MappingRegistry register() @548 - Mapped "{[/call/addArea],methods=[POST]}" onto public void com.baidu.call.controller.AreaController.addArea(com.baidu.call.model.Area,javax.servlet.http.HttpServletResponse)
2019.03.20 at 11:36:19 CST INFO  org.springframework.web.servlet.handler.AbstractHandlerMethodMapping$MappingRegistry register() @548 - Mapped "{[/call/deleteArea/{areaId}],methods=[DELETE]}" onto public void com.baidu.call.controller.AreaController.deleteArea(java.lang.Long,javax.servlet.http.HttpServletResponse)
2019.03.20 at 11:36:19 CST INFO  org.springframework.web.servlet.handler.AbstractHandlerMethodMapping$MappingRegistry register() @548 - Mapped "{[/call/updateArea/{areaId}],methods=[PUT]}" onto public void com.baidu.call.controller.AreaController.updateArea(java.lang.Long,com.baidu.call.model.Area,javax.servlet.http.HttpServletResponse)
2019.03.20 at 11:36:19 CST INFO  org.springframework.web.servlet.handler.AbstractHandlerMethodMapping$MappingRegistry register() @548 - Mapped "{[/call/selectArea],methods=[GET]}" onto public void com.baidu.call.controller.AreaController.queryArea(com.baidu.call.utils.page.dtgrid.Pager,javax.servlet.http.HttpServletResponse)
2019.03.20 at 11:36:19 CST INFO  org.springframework.web.servlet.handler.AbstractHandlerMethodMapping$MappingRegistry register() @548 - Mapped "{[/call/findByAreaId/{areaId}],methods=[GET]}" onto public void com.baidu.call.controller.AreaController.findByAreaId(java.lang.Long,javax.servlet.http.HttpServletResponse)
2019.03.20 at 11:36:19 CST INFO  org.springframework.web.servlet.handler.AbstractHandlerMethodMapping$MappingRegistry register() @548 - Mapped "{[/call/findAllArea],methods=[GET]}" onto public void com.baidu.call.controller.AreaController.findAllArea(javax.servlet.http.HttpServletResponse)
2019.03.20 at 11:36:19 CST INFO  org.springframework.web.servlet.handler.AbstractHandlerMethodMapping$MappingRegistry register() @548 - Mapped "{[/call/findAllAreaByUserName],methods=[GET]}" onto public void com.baidu.call.controller.AreaController.findAllAreaByUserName(javax.servlet.http.HttpServletResponse)
2019.03.20 at 11:36:19 CST INFO  org.springframework.web.servlet.handler.AbstractHandlerMethodMapping$MappingRegistry register() @548 - Mapped "{[/call/selectCallLog],methods=[GET]}" onto public void com.baidu.call.controller.CallLogController.queryCallLog(com.baidu.call.utils.page.dtgrid.Pager,javax.servlet.http.HttpServletResponse)
2019.03.20 at 11:36:19 CST INFO  org.springframework.web.servlet.handler.AbstractHandlerMethodMapping$MappingRegistry register() @548 - Mapped "{[/call/selectAreaMember/{areaName}],methods=[GET]}" onto public void com.baidu.call.controller.CallLogController.queryAreaMember(java.lang.String,javax.servlet.http.HttpServletResponse)
2019.03.20 at 11:36:19 CST INFO  org.springframework.web.servlet.handler.AbstractHandlerMethodMapping$MappingRegistry register() @548 - Mapped "{[/call/selectUserArea],methods=[GET]}" onto public void com.baidu.call.controller.CallLogController.queryUserArea(javax.servlet.http.HttpServletResponse)
2019.03.20 at 11:36:19 CST INFO  org.springframework.web.servlet.handler.AbstractHandlerMethodMapping$MappingRegistry register() @548 - Mapped "{[/call/selectUserGroup],methods=[GET]}" onto public void com.baidu.call.controller.CallLogController.queryUserGroup(javax.servlet.http.HttpServletResponse)
2019.03.20 at 11:36:19 CST INFO  org.springframework.web.servlet.handler.AbstractHandlerMethodMapping$MappingRegistry register() @548 - Mapped "{[/call/selectGroupMember/{groupName}],methods=[GET]}" onto public void com.baidu.call.controller.CallLogController.queryGroupMember(java.lang.String,javax.servlet.http.HttpServletResponse)
2019.03.20 at 11:36:19 CST INFO  org.springframework.web.servlet.handler.AbstractHandlerMethodMapping$MappingRegistry register() @548 - Mapped "{[/downloadFile],methods=[GET]}" onto public com.baidu.call.utils.Msg com.baidu.call.controller.CallLogController.downloadFile(javax.servlet.http.HttpServletResponse,java.lang.Long)
2019.03.20 at 11:36:19 CST INFO  org.springframework.web.servlet.handler.AbstractHandlerMethodMapping$MappingRegistry register() @548 - Mapped "{[/call/addGroup],methods=[POST]}" onto public void com.baidu.call.controller.GroupController.addGroup(com.baidu.call.pojo.GroupUserVo,javax.servlet.http.HttpServletResponse)
2019.03.20 at 11:36:19 CST INFO  org.springframework.web.servlet.handler.AbstractHandlerMethodMapping$MappingRegistry register() @548 - Mapped "{[/call/deleteGroup/{groupId}],methods=[DELETE]}" onto public void com.baidu.call.controller.GroupController.deleteGroupId(java.lang.Long,javax.servlet.http.HttpServletResponse)
2019.03.20 at 11:36:19 CST INFO  org.springframework.web.servlet.handler.AbstractHandlerMethodMapping$MappingRegistry register() @548 - Mapped "{[/call/updateGroup/{groupId}],methods=[PUT]}" onto public void com.baidu.call.controller.GroupController.updateGroup(java.lang.Long,com.baidu.call.pojo.GroupUserVo,javax.servlet.http.HttpServletResponse)
2019.03.20 at 11:36:19 CST INFO  org.springframework.web.servlet.handler.AbstractHandlerMethodMapping$MappingRegistry register() @548 - Mapped "{[/call/selectGroup],methods=[GET]}" onto public void com.baidu.call.controller.GroupController.queryGroup(com.baidu.call.utils.page.dtgrid.Pager,javax.servlet.http.HttpServletResponse)
2019.03.20 at 11:36:19 CST INFO  org.springframework.web.servlet.handler.AbstractHandlerMethodMapping$MappingRegistry register() @548 - Mapped "{[/call/findByGroupId/{groupId}],methods=[GET]}" onto public void com.baidu.call.controller.GroupController.findByGroupId(java.lang.Long,javax.servlet.http.HttpServletResponse)
2019.03.20 at 11:36:19 CST INFO  org.springframework.web.servlet.handler.AbstractHandlerMethodMapping$MappingRegistry register() @548 - Mapped "{[/call/addPhoneUser],methods=[POST]}" onto public void com.baidu.call.controller.PhoneUserController.addPhoneUser(com.baidu.call.model.PhoneUser,javax.servlet.http.HttpServletResponse)
2019.03.20 at 11:36:19 CST INFO  org.springframework.web.servlet.handler.AbstractHandlerMethodMapping$MappingRegistry register() @548 - Mapped "{[/call/updatePhoneUser/{phoneUserId}],methods=[PUT]}" onto public void com.baidu.call.controller.PhoneUserController.updatePhoneUser(java.lang.Long,com.baidu.call.model.PhoneUser,javax.servlet.http.HttpServletResponse)
2019.03.20 at 11:36:19 CST INFO  org.springframework.web.servlet.handler.AbstractHandlerMethodMapping$MappingRegistry register() @548 - Mapped "{[/call/selectPhoneUser],methods=[GET]}" onto public void com.baidu.call.controller.PhoneUserController.queryPhoneUser(com.baidu.call.utils.page.dtgrid.Pager,javax.servlet.http.HttpServletResponse)
2019.03.20 at 11:36:19 CST INFO  org.springframework.web.servlet.handler.AbstractHandlerMethodMapping$MappingRegistry register() @548 - Mapped "{[/call/deletePhoneUser/{phoneUserId}],methods=[DELETE]}" onto public void com.baidu.call.controller.PhoneUserController.deletePhoneUserId(java.lang.Long,javax.servlet.http.HttpServletResponse)
2019.03.20 at 11:36:19 CST INFO  org.springframework.web.servlet.handler.AbstractHandlerMethodMapping$MappingRegistry register() @548 - Mapped "{[/call/findByPhoneUserId/{phoneUserId}],methods=[GET]}" onto public void com.baidu.call.controller.PhoneUserController.findByPhoneUserId(java.lang.Long,javax.servlet.http.HttpServletResponse)
2019.03.20 at 11:36:19 CST INFO  org.springframework.web.servlet.handler.AbstractHandlerMethodMapping$MappingRegistry register() @548 - Mapped "{[/call/addUser],methods=[POST]}" onto public void com.baidu.call.controller.UserController.addUser(com.baidu.call.pojo.UserAreaVo,javax.servlet.http.HttpServletResponse)
2019.03.20 at 11:36:19 CST INFO  org.springframework.web.servlet.handler.AbstractHandlerMethodMapping$MappingRegistry register() @548 - Mapped "{[/call/deleteUser/{userId}],methods=[DELETE]}" onto public void com.baidu.call.controller.UserController.deleteUser(java.lang.Long,javax.servlet.http.HttpServletResponse)
2019.03.20 at 11:36:19 CST INFO  org.springframework.web.servlet.handler.AbstractHandlerMethodMapping$MappingRegistry register() @548 - Mapped "{[/call/updateUser/{userId}],methods=[PUT]}" onto public void com.baidu.call.controller.UserController.updateUser(java.lang.Long,com.baidu.call.pojo.UserAreaVo,javax.servlet.http.HttpServletResponse)
2019.03.20 at 11:36:19 CST INFO  org.springframework.web.servlet.handler.AbstractHandlerMethodMapping$MappingRegistry register() @548 - Mapped "{[/call/selectUser],methods=[GET]}" onto public void com.baidu.call.controller.UserController.queryUser(com.baidu.call.utils.page.dtgrid.Pager,javax.servlet.http.HttpServletResponse)
2019.03.20 at 11:36:19 CST INFO  org.springframework.web.servlet.handler.AbstractHandlerMethodMapping$MappingRegistry register() @548 - Mapped "{[/call/findByUserId/{userId}],methods=[GET]}" onto public void com.baidu.call.controller.UserController.findByUserId(java.lang.Long,javax.servlet.http.HttpServletResponse)
2019.03.20 at 11:36:19 CST INFO  org.springframework.web.servlet.handler.AbstractHandlerMethodMapping$MappingRegistry register() @548 - Mapped "{[/call/findAllUser],methods=[GET]}" onto public void com.baidu.call.controller.UserController.findAllUser(javax.servlet.http.HttpServletResponse)
2019.03.20 at 11:36:19 CST INFO  org.springframework.web.servlet.handler.AbstractHandlerMethodMapping$MappingRegistry register() @548 - Mapped "{[/call/loginUserInfo],methods=[GET]}" onto public void com.baidu.call.controller.UserController.getLoginUserInfo(javax.servlet.http.HttpServletResponse)
2019.03.20 at 11:36:19 CST INFO  org.springframework.web.servlet.handler.AbstractHandlerMethodMapping$MappingRegistry register() @548 - Mapped "{[/call/findAllUserByRole],methods=[GET]}" onto public void com.baidu.call.controller.UserController.findAllUserByRole(javax.servlet.http.HttpServletResponse)
2019.03.20 at 11:36:19 CST INFO  org.springframework.web.servlet.handler.AbstractHandlerMethodMapping$MappingRegistry register() @548 - Mapped "{[/swagger-resources]}" onto public org.springframework.http.ResponseEntity<java.util.List<springfox.documentation.swagger.web.SwaggerResource>> springfox.documentation.swagger.web.ApiResourceController.swaggerResources()
2019.03.20 at 11:36:19 CST INFO  org.springframework.web.servlet.handler.AbstractHandlerMethodMapping$MappingRegistry register() @548 - Mapped "{[/swagger-resources/configuration/ui]}" onto public org.springframework.http.ResponseEntity<springfox.documentation.swagger.web.UiConfiguration> springfox.documentation.swagger.web.ApiResourceController.uiConfiguration()
2019.03.20 at 11:36:19 CST INFO  org.springframework.web.servlet.handler.AbstractHandlerMethodMapping$MappingRegistry register() @548 - Mapped "{[/swagger-resources/configuration/security]}" onto public org.springframework.http.ResponseEntity<springfox.documentation.swagger.web.SecurityConfiguration> springfox.documentation.swagger.web.ApiResourceController.securityConfiguration()
