2019.01.18 at 18:03:09 CST INFO  org.springframework.boot.StartupInfoLogger logStarting() @50 - Starting CallApplication on JHLT35494 with PID 10020 (started by v_lilin03 in D:\备份\calltape)
2019.01.18 at 18:03:09 CST INFO  org.springframework.boot.SpringApplication logStartupProfileInfo() @656 - The following profiles are active: dev
2019.01.18 at 18:03:09 CST INFO  org.springframework.context.support.AbstractApplicationContext prepareRefresh() @589 - Refreshing org.springframework.boot.web.servlet.context.AnnotationConfigServletWebServerApplicationContext@60d7b5f7: startup date [Fri Jan 18 18:03:09 CST 2019]; root of context hierarchy
2019.01.18 at 18:03:10 CST INFO  org.springframework.beans.factory.xml.XmlBeanDefinitionReader loadBeanDefinitions() @316 - Loading XML bean definitions from class path resource [uic-cxf-test.xml]
2019.01.18 at 18:03:11 CST INFO  com.ulisesbocchio.jasyptspringboot.configuration.EnableEncryptablePropertiesBeanFactoryPostProcessor postProcessBeanFactory() @50 - Post-processing PropertySource instances
2019.01.18 at 18:03:11 CST INFO  com.ulisesbocchio.jasyptspringboot.EncryptablePropertySourceConverter makeEncryptable() @38 - Converting PropertySource configurationProperties [org.springframework.boot.context.properties.source.ConfigurationPropertySourcesPropertySource] to AOP Proxy
2019.01.18 at 18:03:11 CST INFO  com.ulisesbocchio.jasyptspringboot.EncryptablePropertySourceConverter makeEncryptable() @38 - Converting PropertySource servletConfigInitParams [org.springframework.core.env.PropertySource$StubPropertySource] to EncryptablePropertySourceWrapper
2019.01.18 at 18:03:11 CST INFO  com.ulisesbocchio.jasyptspringboot.EncryptablePropertySourceConverter makeEncryptable() @38 - Converting PropertySource servletContextInitParams [org.springframework.core.env.PropertySource$StubPropertySource] to EncryptablePropertySourceWrapper
2019.01.18 at 18:03:11 CST INFO  com.ulisesbocchio.jasyptspringboot.EncryptablePropertySourceConverter makeEncryptable() @38 - Converting PropertySource systemProperties [org.springframework.core.env.MapPropertySource] to EncryptableMapPropertySourceWrapper
2019.01.18 at 18:03:11 CST INFO  com.ulisesbocchio.jasyptspringboot.EncryptablePropertySourceConverter makeEncryptable() @38 - Converting PropertySource systemEnvironment [org.springframework.boot.env.SystemEnvironmentPropertySourceEnvironmentPostProcessor$OriginAwareSystemEnvironmentPropertySource] to EncryptableMapPropertySourceWrapper
2019.01.18 at 18:03:11 CST INFO  com.ulisesbocchio.jasyptspringboot.EncryptablePropertySourceConverter makeEncryptable() @38 - Converting PropertySource random [org.springframework.boot.env.RandomValuePropertySource] to EncryptablePropertySourceWrapper
2019.01.18 at 18:03:11 CST INFO  com.ulisesbocchio.jasyptspringboot.EncryptablePropertySourceConverter makeEncryptable() @38 - Converting PropertySource applicationConfig: [classpath:/application-dev.yml] (document #0) [org.springframework.boot.env.OriginTrackedMapPropertySource] to EncryptableMapPropertySourceWrapper
2019.01.18 at 18:03:11 CST INFO  com.ulisesbocchio.jasyptspringboot.EncryptablePropertySourceConverter makeEncryptable() @38 - Converting PropertySource applicationConfig: [classpath:/application-dev.yml] (document #1) [org.springframework.boot.env.OriginTrackedMapPropertySource] to EncryptableMapPropertySourceWrapper
2019.01.18 at 18:03:11 CST INFO  com.ulisesbocchio.jasyptspringboot.EncryptablePropertySourceConverter makeEncryptable() @38 - Converting PropertySource applicationConfig: [classpath:/application.yml] [org.springframework.boot.env.OriginTrackedMapPropertySource] to EncryptableMapPropertySourceWrapper
2019.01.18 at 18:03:11 CST INFO  com.ulisesbocchio.jasyptspringboot.EncryptablePropertySourceConverter makeEncryptable() @38 - Converting PropertySource refresh [org.springframework.core.env.MapPropertySource] to EncryptableMapPropertySourceWrapper
2019.01.18 at 18:03:11 CST INFO  com.ulisesbocchio.jasyptspringboot.filter.DefaultLazyPropertyFilter lambda$null$2() @31 - Property Filter custom Bean not found with name 'encryptablePropertyFilter'. Initializing Default Property Filter
2019.01.18 at 18:03:12 CST INFO  org.springframework.context.support.PostProcessorRegistrationDelegate$BeanPostProcessorChecker postProcessAfterInitialization() @328 - Bean 'org.springframework.transaction.annotation.ProxyTransactionManagementConfiguration' of type [org.springframework.transaction.annotation.ProxyTransactionManagementConfiguration$$EnhancerBySpringCGLIB$$563922e8] is not eligible for getting processed by all BeanPostProcessors (for example: not eligible for auto-proxying)
2019.01.18 at 18:03:12 CST INFO  com.ulisesbocchio.jasyptspringboot.resolver.DefaultLazyPropertyResolver lambda$null$2() @31 - Property Resolver custom Bean not found with name 'encryptablePropertyResolver'. Initializing Default Property Resolver
2019.01.18 at 18:03:12 CST INFO  com.ulisesbocchio.jasyptspringboot.detector.DefaultLazyPropertyDetector lambda$null$2() @30 - Property Detector custom Bean not found with name 'encryptablePropertyDetector'. Initializing Default Property Detector
2019.01.18 at 18:03:12 CST INFO  org.springframework.boot.web.embedded.tomcat.TomcatWebServer initialize() @91 - Tomcat initialized with port(s): 8121 (http)
2019.01.18 at 18:03:12 CST INFO  org.apache.juli.logging.DirectJDKLog log() @180 - Initializing ProtocolHandler ["http-nio-8121"]
2019.01.18 at 18:03:12 CST INFO  org.apache.juli.logging.DirectJDKLog log() @180 - Starting service [Tomcat]
2019.01.18 at 18:03:12 CST INFO  org.apache.juli.logging.DirectJDKLog log() @180 - Starting Servlet Engine: Apache Tomcat/8.5.28
2019.01.18 at 18:03:12 CST INFO  org.apache.juli.logging.DirectJDKLog log() @180 - The APR based Apache Tomcat Native library which allows optimal performance in production environments was not found on the java.library.path: [D:\JDK\bin;C:\Windows\Sun\Java\bin;C:\Windows\system32;C:\Windows;C:\Program Files (x86)\Common Files\Oracle\Java\javapath;C:\Program Files (x86)\Intel\iCLS Client\;C:\Program Files\Intel\iCLS Client\;C:\Windows\system32;C:\Windows;C:\Windows\System32\Wbem;C:\Windows\System32\WindowsPowerShell\v1.0\;C:\Program Files (x86)\Intel\UCRT\;C:\Program Files\Intel\UCRT\;C:\Program Files (x86)\Intel\Intel(R) Management Engine Components\DAL;C:\Program Files\Intel\Intel(R) Management Engine Components\DAL;C:\Program Files (x86)\Intel\Intel(R) Management Engine Components\IPT;C:\Program Files\Intel\Intel(R) Management Engine Components\IPT;C:\Program Files\Intel\WiFi\bin\;C:\Program Files\Common Files\Intel\WirelessCommon\;C:\Program Files\Lenovo\Fingerprint Manager Pro\;D:\JDK\bin;D:\JDK\jre\bin;D:\Git\cmd;D:\MySQL Server 5.5\bin;D:\apache-maven-3.5.4\bin;.]
2019.01.18 at 18:03:12 CST INFO  org.apache.juli.logging.DirectJDKLog log() @180 - Initializing Spring embedded WebApplicationContext
2019.01.18 at 18:03:12 CST INFO  org.springframework.boot.web.servlet.context.ServletWebServerApplicationContext prepareWebApplicationContext() @285 - Root WebApplicationContext: initialization completed in 3411 ms
2019.01.18 at 18:03:13 CST WARN  org.springframework.boot.devtools.autoconfigure.RemoteDevToolsAutoConfiguration$RemoteRestartConfiguration remoteRestartHandlerMapper() @133 - Listening for remote restart updates on /.~~spring-boot!~/restart
2019.01.18 at 18:03:13 CST INFO  org.springframework.boot.web.servlet.ServletRegistrationBean addRegistration() @185 - Servlet dispatcherServlet mapped to [/]
2019.01.18 at 18:03:13 CST INFO  org.springframework.boot.web.servlet.AbstractFilterRegistrationBean configure() @243 - Mapping filter: 'characterEncodingFilter' to: [/*]
2019.01.18 at 18:03:13 CST INFO  org.springframework.boot.web.servlet.AbstractFilterRegistrationBean configure() @243 - Mapping filter: 'hiddenHttpMethodFilter' to: [/*]
2019.01.18 at 18:03:13 CST INFO  org.springframework.boot.web.servlet.AbstractFilterRegistrationBean configure() @243 - Mapping filter: 'httpPutFormContentFilter' to: [/*]
2019.01.18 at 18:03:13 CST INFO  org.springframework.boot.web.servlet.AbstractFilterRegistrationBean configure() @243 - Mapping filter: 'requestContextFilter' to: [/*]
2019.01.18 at 18:03:13 CST INFO  org.springframework.boot.web.servlet.AbstractFilterRegistrationBean configure() @243 - Mapping filter: 'CORSFilter' to: [/*]
2019.01.18 at 18:03:13 CST INFO  org.springframework.boot.web.servlet.AbstractFilterRegistrationBean configure() @243 - Mapping filter: 'remoteDevToolsDispatcherFilter' to: [/*]
2019.01.18 at 18:03:13 CST INFO  com.alibaba.druid.pool.DruidDataSource init() @923 - {dataSource-1} inited
2019.01.18 at 18:03:13 CST INFO  org.springframework.orm.jpa.LocalContainerEntityManagerFactoryBean createNativeEntityManagerFactory() @361 - Building JPA container EntityManagerFactory for persistence unit 'default'
2019.01.18 at 18:03:13 CST INFO  org.hibernate.jpa.internal.util.LogHelper logPersistenceUnitInformation() @31 - HHH000204: Processing PersistenceUnitInfo [
	name: default
	...]
2019.01.18 at 18:03:14 CST INFO  org.hibernate.Version logVersion() @45 - HHH000412: Hibernate Core {5.2.14.Final}
2019.01.18 at 18:03:14 CST INFO  org.hibernate.cfg.Environment <clinit>() @213 - HHH000206: hibernate.properties not found
2019.01.18 at 18:03:14 CST INFO  org.hibernate.annotations.common.reflection.java.JavaReflectionManager <clinit>() @66 - HCANN000001: Hibernate Commons Annotations {5.0.1.Final}
2019.01.18 at 18:03:14 CST INFO  org.hibernate.dialect.Dialect <init>() @157 - HHH000400: Using dialect: org.hibernate.dialect.MySQL5InnoDBDialect
2019.01.18 at 18:03:14 CST INFO  org.springframework.orm.jpa.AbstractEntityManagerFactoryBean buildNativeEntityManagerFactory() @394 - Initialized JPA EntityManagerFactory for persistence unit 'default'
2019.01.18 at 18:03:15 CST INFO  org.springframework.web.servlet.mvc.method.annotation.RequestMappingHandlerAdapter initControllerAdviceCache() @567 - Looking for @ControllerAdvice: org.springframework.boot.web.servlet.context.AnnotationConfigServletWebServerApplicationContext@60d7b5f7: startup date [Fri Jan 18 18:03:09 CST 2019]; root of context hierarchy
2019.01.18 at 18:03:15 CST WARN  org.springframework.boot.autoconfigure.orm.jpa.JpaBaseConfiguration$JpaWebConfiguration$JpaWebMvcConfiguration openEntityManagerInViewInterceptor() @235 - spring.jpa.open-in-view is enabled by default. Therefore, database queries may be performed during view rendering. Explicitly configure spring.jpa.open-in-view to disable this warning
2019.01.18 at 18:03:15 CST INFO  org.springframework.web.servlet.handler.AbstractHandlerMethodMapping$MappingRegistry register() @548 - Mapped "{[/error]}" onto public org.springframework.http.ResponseEntity<java.util.Map<java.lang.String, java.lang.Object>> org.springframework.boot.autoconfigure.web.servlet.error.BasicErrorController.error(javax.servlet.http.HttpServletRequest)
2019.01.18 at 18:03:15 CST INFO  org.springframework.web.servlet.handler.AbstractHandlerMethodMapping$MappingRegistry register() @548 - Mapped "{[/error],produces=[text/html]}" onto public org.springframework.web.servlet.ModelAndView org.springframework.boot.autoconfigure.web.servlet.error.BasicErrorController.errorHtml(javax.servlet.http.HttpServletRequest,javax.servlet.http.HttpServletResponse)
2019.01.18 at 18:03:15 CST INFO  org.springframework.web.servlet.handler.AbstractUrlHandlerMapping registerHandler() @373 - Mapped URL path [/webjars/**] onto handler of type [class org.springframework.web.servlet.resource.ResourceHttpRequestHandler]
2019.01.18 at 18:03:15 CST INFO  org.springframework.web.servlet.handler.AbstractUrlHandlerMapping registerHandler() @373 - Mapped URL path [/**] onto handler of type [class org.springframework.web.servlet.resource.ResourceHttpRequestHandler]
2019.01.18 at 18:03:15 CST INFO  org.springframework.web.servlet.handler.AbstractUrlHandlerMapping registerHandler() @373 - Mapped URL path [/**/favicon.ico] onto handler of type [class org.springframework.web.servlet.resource.ResourceHttpRequestHandler]
2019.01.18 at 18:03:15 CST INFO  org.springframework.boot.devtools.autoconfigure.OptionalLiveReloadServer startServer() @57 - LiveReload server is running on port 35729
2019.01.18 at 18:03:16 CST INFO  org.springframework.jmx.export.MBeanExporter afterSingletonsInstantiated() @434 - Registering beans for JMX exposure on startup
2019.01.18 at 18:03:16 CST INFO  org.springframework.jmx.export.MBeanExporter autodetect() @896 - Bean with name 'dataSource' has been autodetected for JMX exposure
2019.01.18 at 18:03:16 CST INFO  org.springframework.jmx.export.MBeanExporter registerBeanInstance() @669 - Located MBean 'dataSource': registering with JMX server as MBean [com.alibaba.druid.pool:name=dataSource,type=DruidDataSource]
2019.01.18 at 18:03:16 CST INFO  org.apache.juli.logging.DirectJDKLog log() @180 - Starting ProtocolHandler ["http-nio-8121"]
2019.01.18 at 18:03:16 CST INFO  org.apache.juli.logging.DirectJDKLog log() @180 - Using a shared selector for servlet write/read
2019.01.18 at 18:03:16 CST INFO  org.springframework.boot.web.embedded.tomcat.TomcatWebServer start() @205 - Tomcat started on port(s): 8121 (http) with context path ''
2019.01.18 at 18:03:16 CST INFO  org.springframework.boot.StartupInfoLogger logStarted() @59 - Started CallApplication in 7.463 seconds (JVM running for 12.541)
